{"/com.docker.devenvironments.code/src/main.tsx": {"path":"/com.docker.devenvironments.code/src/main.tsx","all":true,"statementMap":{"0":{"start":{"line":1,"column":0},"end":{"line":1,"column":26}},"1":{"start":{"line":2,"column":0},"end":{"line":2,"column":40}},"2":{"start":{"line":3,"column":0},"end":{"line":3,"column":39}},"3":{"start":{"line":4,"column":0},"end":{"line":4,"column":21}},"5":{"start":{"line":6,"column":0},"end":{"line":6,"column":52}},"6":{"start":{"line":7,"column":0},"end":{"line":7,"column":18}},"7":{"start":{"line":8,"column":0},"end":{"line":8,"column":42}},"8":{"start":{"line":9,"column":0},"end":{"line":9,"column":22}},"9":{"start":{"line":10,"column":0},"end":{"line":10,"column":13}},"10":{"start":{"line":11,"column":0},"end":{"line":11,"column":23}},"11":{"start":{"line":12,"column":0},"end":{"line":12,"column":4}},"12":{"start":{"line":13,"column":0},"end":{"line":13,"column":8}},"13":{"start":{"line":14,"column":0},"end":{"line":14,"column":51}},"14":{"start":{"line":15,"column":0},"end":{"line":15,"column":1}}},"s":{"0":0,"1":0,"2":0,"3":0,"5":0,"6":0,"7":0,"8":0,"9":0,"10":0,"11":0,"12":0,"13":0,"14":0},"branchMap":{"0":{"type":"branch","line":1,"loc":{"start":{"line":1,"column":275},"end":{"line":15,"column":-266}},"locations":[{"start":{"line":1,"column":275},"end":{"line":15,"column":-266}}]}},"b":{"0":[0]},"fnMap":{"0":{"name":"(empty-report)","decl":{"start":{"line":1,"column":275},"end":{"line":15,"column":-266}},"loc":{"start":{"line":1,"column":275},"end":{"line":15,"column":-266}},"line":1}},"f":{"0":0}}
,"/com.docker.devenvironments.code/src/components/App.tsx": {"path":"/com.docker.devenvironments.code/src/components/App.tsx","all":true,"statementMap":{"0":{"start":{"line":1,"column":0},"end":{"line":1,"column":34}},"1":{"start":{"line":2,"column":0},"end":{"line":2,"column":44}},"3":{"start":{"line":4,"column":0},"end":{"line":4,"column":16}},"4":{"start":{"line":5,"column":0},"end":{"line":5,"column":10}},"5":{"start":{"line":6,"column":0},"end":{"line":6,"column":105}},"6":{"start":{"line":7,"column":0},"end":{"line":7,"column":21}},"7":{"start":{"line":8,"column":0},"end":{"line":8,"column":16}},"8":{"start":{"line":9,"column":0},"end":{"line":9,"column":10}},"10":{"start":{"line":11,"column":0},"end":{"line":11,"column":1}},"12":{"start":{"line":13,"column":0},"end":{"line":13,"column":19}}},"s":{"0":0,"1":0,"3":0,"4":0,"5":0,"6":0,"7":0,"8":0,"10":0,"12":0},"branchMap":{"0":{"type":"branch","line":1,"loc":{"start":{"line":1,"column":221},"end":{"line":13,"column":-194}},"locations":[{"start":{"line":1,"column":221},"end":{"line":13,"column":-194}}]}},"b":{"0":[0]},"fnMap":{"0":{"name":"(empty-report)","decl":{"start":{"line":1,"column":221},"end":{"line":13,"column":-194}},"loc":{"start":{"line":1,"column":221},"end":{"line":13,"column":-194}},"line":1}},"f":{"0":0}}
,"/com.docker.devenvironments.code/src/components/AudioPlayer.tsx": {"path":"/com.docker.devenvironments.code/src/components/AudioPlayer.tsx","all":false,"statementMap":{"0":{"start":{"line":1,"column":0},"end":{"line":1,"column":42}},"9":{"start":{"line":10,"column":0},"end":{"line":10,"column":83}},"10":{"start":{"line":11,"column":0},"end":{"line":11,"column":57}},"12":{"start":{"line":13,"column":0},"end":{"line":13,"column":19}},"13":{"start":{"line":14,"column":0},"end":{"line":14,"column":35}},"14":{"start":{"line":15,"column":0},"end":{"line":15,"column":16}},"15":{"start":{"line":16,"column":0},"end":{"line":16,"column":23}},"16":{"start":{"line":17,"column":0},"end":{"line":17,"column":33}},"18":{"start":{"line":19,"column":0},"end":{"line":19,"column":33}},"19":{"start":{"line":20,"column":0},"end":{"line":20,"column":36}},"20":{"start":{"line":21,"column":0},"end":{"line":21,"column":8}},"22":{"start":{"line":23,"column":0},"end":{"line":23,"column":51}},"24":{"start":{"line":25,"column":0},"end":{"line":25,"column":22}},"25":{"start":{"line":26,"column":0},"end":{"line":26,"column":39}},"26":{"start":{"line":27,"column":0},"end":{"line":27,"column":55}},"27":{"start":{"line":28,"column":0},"end":{"line":28,"column":11}},"28":{"start":{"line":29,"column":0},"end":{"line":29,"column":14}},"29":{"start":{"line":30,"column":0},"end":{"line":30,"column":22}},"30":{"start":{"line":31,"column":0},"end":{"line":31,"column":7}},"32":{"start":{"line":33,"column":0},"end":{"line":33,"column":20}},"33":{"start":{"line":34,"column":0},"end":{"line":34,"column":56}},"34":{"start":{"line":35,"column":0},"end":{"line":35,"column":22}},"35":{"start":{"line":36,"column":0},"end":{"line":36,"column":23}},"36":{"start":{"line":37,"column":0},"end":{"line":37,"column":8}},"37":{"start":{"line":38,"column":0},"end":{"line":38,"column":5}},"38":{"start":{"line":39,"column":0},"end":{"line":39,"column":31}},"40":{"start":{"line":41,"column":0},"end":{"line":41,"column":19}},"41":{"start":{"line":42,"column":0},"end":{"line":42,"column":35}},"42":{"start":{"line":43,"column":0},"end":{"line":43,"column":16}},"43":{"start":{"line":44,"column":0},"end":{"line":44,"column":34}},"44":{"start":{"line":45,"column":0},"end":{"line":45,"column":5}},"45":{"start":{"line":46,"column":0},"end":{"line":46,"column":15}},"47":{"start":{"line":48,"column":0},"end":{"line":48,"column":19}},"48":{"start":{"line":49,"column":0},"end":{"line":49,"column":35}},"49":{"start":{"line":50,"column":0},"end":{"line":50,"column":16}},"50":{"start":{"line":51,"column":0},"end":{"line":51,"column":33}},"51":{"start":{"line":52,"column":0},"end":{"line":52,"column":5}},"52":{"start":{"line":53,"column":0},"end":{"line":53,"column":14}},"54":{"start":{"line":55,"column":0},"end":{"line":55,"column":10}},"55":{"start":{"line":56,"column":0},"end":{"line":56,"column":9}},"56":{"start":{"line":57,"column":0},"end":{"line":57,"column":30}},"57":{"start":{"line":58,"column":0},"end":{"line":58,"column":10}},"59":{"start":{"line":60,"column":0},"end":{"line":60,"column":1}}},"s":{"0":1,"9":1,"10":6,"12":6,"13":5,"14":5,"15":5,"16":5,"18":5,"19":0,"20":0,"22":5,"24":5,"25":0,"26":0,"27":0,"28":5,"29":5,"30":5,"32":5,"33":5,"34":5,"35":5,"36":5,"37":5,"38":6,"40":6,"41":5,"42":5,"43":5,"44":5,"45":6,"47":6,"48":5,"49":5,"50":5,"51":5,"52":6,"54":6,"55":6,"56":6,"57":6,"59":6},"branchMap":{"0":{"type":"branch","line":10,"loc":{"start":{"line":10,"column":7},"end":{"line":60,"column":1}},"locations":[{"start":{"line":10,"column":7},"end":{"line":60,"column":1}}]},"1":{"type":"branch","line":13,"loc":{"start":{"line":13,"column":12},"end":{"line":39,"column":5}},"locations":[{"start":{"line":13,"column":12},"end":{"line":39,"column":5}}]},"2":{"type":"branch","line":25,"loc":{"start":{"line":25,"column":21},"end":{"line":29,"column":13}},"locations":[{"start":{"line":25,"column":21},"end":{"line":29,"column":13}}]},"3":{"type":"branch","line":33,"loc":{"start":{"line":33,"column":13},"end":{"line":37,"column":8}},"locations":[{"start":{"line":33,"column":13},"end":{"line":37,"column":8}}]},"4":{"type":"branch","line":41,"loc":{"start":{"line":41,"column":12},"end":{"line":46,"column":5}},"locations":[{"start":{"line":41,"column":12},"end":{"line":46,"column":5}}]},"5":{"type":"branch","line":48,"loc":{"start":{"line":48,"column":12},"end":{"line":53,"column":5}},"locations":[{"start":{"line":48,"column":12},"end":{"line":53,"column":5}}]}},"b":{"0":[6],"1":[5],"2":[0],"3":[5],"4":[5],"5":[5]},"fnMap":{"0":{"name":"AudioPlayer","decl":{"start":{"line":10,"column":7},"end":{"line":60,"column":1}},"loc":{"start":{"line":10,"column":7},"end":{"line":60,"column":1}},"line":10},"1":{"name":"handlePause","decl":{"start":{"line":19,"column":26},"end":{"line":21,"column":8}},"loc":{"start":{"line":19,"column":26},"end":{"line":21,"column":8}},"line":19}},"f":{"0":6,"1":0}}
,"/com.docker.devenvironments.code/src/components/CoverArt.tsx": {"path":"/com.docker.devenvironments.code/src/components/CoverArt.tsx","all":false,"statementMap":{"0":{"start":{"line":1,"column":0},"end":{"line":1,"column":46}},"1":{"start":{"line":2,"column":0},"end":{"line":2,"column":50}},"9":{"start":{"line":10,"column":0},"end":{"line":10,"column":75}},"10":{"start":{"line":11,"column":0},"end":{"line":11,"column":37}},"12":{"start":{"line":13,"column":0},"end":{"line":13,"column":10}},"13":{"start":{"line":14,"column":0},"end":{"line":14,"column":44}},"14":{"start":{"line":15,"column":0},"end":{"line":15,"column":18}},"15":{"start":{"line":16,"column":0},"end":{"line":16,"column":55}},"17":{"start":{"line":18,"column":0},"end":{"line":18,"column":10}},"18":{"start":{"line":19,"column":0},"end":{"line":19,"column":87}},"19":{"start":{"line":20,"column":0},"end":{"line":20,"column":194}},"20":{"start":{"line":21,"column":0},"end":{"line":21,"column":79}},"21":{"start":{"line":22,"column":0},"end":{"line":22,"column":54}},"22":{"start":{"line":23,"column":0},"end":{"line":23,"column":34}},"23":{"start":{"line":24,"column":0},"end":{"line":24,"column":18}},"24":{"start":{"line":25,"column":0},"end":{"line":25,"column":16}},"25":{"start":{"line":26,"column":0},"end":{"line":26,"column":11}},"27":{"start":{"line":28,"column":0},"end":{"line":28,"column":10}},"29":{"start":{"line":30,"column":0},"end":{"line":30,"column":1}}},"s":{"0":1,"1":1,"9":1,"10":26,"12":26,"13":26,"14":26,"15":11,"17":15,"18":15,"19":15,"20":15,"21":15,"22":15,"23":15,"24":15,"25":15,"27":26,"29":26},"branchMap":{"0":{"type":"branch","line":10,"loc":{"start":{"line":10,"column":7},"end":{"line":30,"column":1}},"locations":[{"start":{"line":10,"column":7},"end":{"line":30,"column":1}}]},"1":{"type":"branch","line":15,"loc":{"start":{"line":15,"column":7},"end":{"line":16,"column":55}},"locations":[{"start":{"line":15,"column":7},"end":{"line":16,"column":55}}]},"2":{"type":"branch","line":16,"loc":{"start":{"line":16,"column":53},"end":{"line":26,"column":11}},"locations":[{"start":{"line":16,"column":53},"end":{"line":26,"column":11}}]}},"b":{"0":[26],"1":[11],"2":[15]},"fnMap":{"0":{"name":"CoverArt","decl":{"start":{"line":10,"column":7},"end":{"line":30,"column":1}},"loc":{"start":{"line":10,"column":7},"end":{"line":30,"column":1}},"line":10}},"f":{"0":26}}
,"/com.docker.devenvironments.code/src/components/CurrentlyPlaying.tsx": {"path":"/com.docker.devenvironments.code/src/components/CurrentlyPlaying.tsx","all":false,"statementMap":{"0":{"start":{"line":1,"column":0},"end":{"line":1,"column":42}},"1":{"start":{"line":2,"column":0},"end":{"line":2,"column":44}},"2":{"start":{"line":3,"column":0},"end":{"line":3,"column":50}},"3":{"start":{"line":4,"column":0},"end":{"line":4,"column":54}},"18":{"start":{"line":19,"column":0},"end":{"line":19,"column":170}},"20":{"start":{"line":21,"column":0},"end":{"line":21,"column":10}},"21":{"start":{"line":22,"column":0},"end":{"line":22,"column":113}},"22":{"start":{"line":23,"column":0},"end":{"line":23,"column":81}},"23":{"start":{"line":24,"column":0},"end":{"line":24,"column":82}},"24":{"start":{"line":25,"column":0},"end":{"line":25,"column":19}},"25":{"start":{"line":26,"column":0},"end":{"line":26,"column":37}},"26":{"start":{"line":27,"column":0},"end":{"line":27,"column":33}},"27":{"start":{"line":28,"column":0},"end":{"line":28,"column":39}},"28":{"start":{"line":29,"column":0},"end":{"line":29,"column":35}},"29":{"start":{"line":30,"column":0},"end":{"line":30,"column":29}},"30":{"start":{"line":31,"column":0},"end":{"line":31,"column":27}},"31":{"start":{"line":32,"column":0},"end":{"line":32,"column":21}},"32":{"start":{"line":33,"column":0},"end":{"line":33,"column":8}},"33":{"start":{"line":34,"column":0},"end":{"line":34,"column":45}},"34":{"start":{"line":35,"column":0},"end":{"line":35,"column":10}},"36":{"start":{"line":37,"column":0},"end":{"line":37,"column":1}}},"s":{"0":1,"1":1,"2":1,"3":1,"18":23,"20":23,"21":23,"22":23,"23":23,"24":23,"25":23,"26":23,"27":23,"28":23,"29":23,"30":23,"31":23,"32":23,"33":23,"34":23,"36":23},"branchMap":{"0":{"type":"branch","line":19,"loc":{"start":{"line":19,"column":0},"end":{"line":37,"column":1}},"locations":[{"start":{"line":19,"column":0},"end":{"line":37,"column":1}}]}},"b":{"0":[23]},"fnMap":{"0":{"name":"CurrentlyPlaying","decl":{"start":{"line":19,"column":0},"end":{"line":37,"column":1}},"loc":{"start":{"line":19,"column":0},"end":{"line":37,"column":1}},"line":19}},"f":{"0":23}}
,"/com.docker.devenvironments.code/src/components/Footer.tsx": {"path":"/com.docker.devenvironments.code/src/components/Footer.tsx","all":true,"statementMap":{"0":{"start":{"line":1,"column":0},"end":{"line":1,"column":34}},"1":{"start":{"line":2,"column":0},"end":{"line":2,"column":40}},"2":{"start":{"line":3,"column":0},"end":{"line":3,"column":75}},"3":{"start":{"line":4,"column":0},"end":{"line":4,"column":1}}},"s":{"0":0,"1":0,"2":0,"3":0},"branchMap":{"0":{"type":"branch","line":1,"loc":{"start":{"line":1,"column":85},"end":{"line":4,"column":-98}},"locations":[{"start":{"line":1,"column":85},"end":{"line":4,"column":-98}}]}},"b":{"0":[0]},"fnMap":{"0":{"name":"(empty-report)","decl":{"start":{"line":1,"column":85},"end":{"line":4,"column":-98}},"loc":{"start":{"line":1,"column":85},"end":{"line":4,"column":-98}},"line":1}},"f":{"0":0}}
,"/com.docker.devenvironments.code/src/components/MusicPlayer.tsx": {"path":"/com.docker.devenvironments.code/src/components/MusicPlayer.tsx","all":false,"statementMap":{"0":{"start":{"line":1,"column":0},"end":{"line":1,"column":44}},"1":{"start":{"line":2,"column":0},"end":{"line":2,"column":53}},"2":{"start":{"line":3,"column":0},"end":{"line":3,"column":41}},"3":{"start":{"line":4,"column":0},"end":{"line":4,"column":47}},"16":{"start":{"line":17,"column":0},"end":{"line":17,"column":39}},"17":{"start":{"line":18,"column":0},"end":{"line":18,"column":56}},"18":{"start":{"line":19,"column":0},"end":{"line":19,"column":55}},"19":{"start":{"line":20,"column":0},"end":{"line":20,"column":59}},"20":{"start":{"line":21,"column":0},"end":{"line":21,"column":60}},"21":{"start":{"line":22,"column":0},"end":{"line":22,"column":46}},"22":{"start":{"line":23,"column":0},"end":{"line":23,"column":50}},"23":{"start":{"line":24,"column":0},"end":{"line":24,"column":49}},"25":{"start":{"line":26,"column":0},"end":{"line":26,"column":19}},"26":{"start":{"line":27,"column":0},"end":{"line":27,"column":39}},"27":{"start":{"line":28,"column":0},"end":{"line":28,"column":11}},"28":{"start":{"line":29,"column":0},"end":{"line":29,"column":78}},"29":{"start":{"line":30,"column":0},"end":{"line":30,"column":26}},"30":{"start":{"line":31,"column":0},"end":{"line":31,"column":45}},"31":{"start":{"line":32,"column":0},"end":{"line":32,"column":82}},"32":{"start":{"line":33,"column":0},"end":{"line":33,"column":101}},"33":{"start":{"line":34,"column":0},"end":{"line":34,"column":41}},"34":{"start":{"line":35,"column":0},"end":{"line":35,"column":67}},"35":{"start":{"line":36,"column":0},"end":{"line":36,"column":49}},"36":{"start":{"line":37,"column":0},"end":{"line":37,"column":13}},"37":{"start":{"line":38,"column":0},"end":{"line":38,"column":24}},"38":{"start":{"line":39,"column":0},"end":{"line":39,"column":14}},"39":{"start":{"line":40,"column":0},"end":{"line":40,"column":95}},"40":{"start":{"line":41,"column":0},"end":{"line":41,"column":102}},"41":{"start":{"line":42,"column":0},"end":{"line":42,"column":41}},"42":{"start":{"line":43,"column":0},"end":{"line":43,"column":67}},"43":{"start":{"line":44,"column":0},"end":{"line":44,"column":49}},"44":{"start":{"line":45,"column":0},"end":{"line":45,"column":13}},"45":{"start":{"line":46,"column":0},"end":{"line":46,"column":26}},"46":{"start":{"line":47,"column":0},"end":{"line":47,"column":14}},"47":{"start":{"line":48,"column":0},"end":{"line":48,"column":41}},"48":{"start":{"line":49,"column":0},"end":{"line":49,"column":28}},"49":{"start":{"line":50,"column":0},"end":{"line":50,"column":9}},"50":{"start":{"line":51,"column":0},"end":{"line":51,"column":23}},"51":{"start":{"line":52,"column":0},"end":{"line":52,"column":57}},"52":{"start":{"line":53,"column":0},"end":{"line":53,"column":7}},"53":{"start":{"line":54,"column":0},"end":{"line":54,"column":6}},"55":{"start":{"line":56,"column":0},"end":{"line":56,"column":20}},"56":{"start":{"line":57,"column":0},"end":{"line":57,"column":9}},"58":{"start":{"line":59,"column":0},"end":{"line":59,"column":20}},"59":{"start":{"line":60,"column":0},"end":{"line":60,"column":30}},"60":{"start":{"line":61,"column":0},"end":{"line":61,"column":42}},"61":{"start":{"line":62,"column":0},"end":{"line":62,"column":5}},"62":{"start":{"line":63,"column":0},"end":{"line":63,"column":30}},"63":{"start":{"line":64,"column":0},"end":{"line":64,"column":10}},"64":{"start":{"line":65,"column":0},"end":{"line":65,"column":192}},"65":{"start":{"line":66,"column":0},"end":{"line":66,"column":23}},"66":{"start":{"line":67,"column":0},"end":{"line":67,"column":25}},"67":{"start":{"line":68,"column":0},"end":{"line":68,"column":27}},"68":{"start":{"line":69,"column":0},"end":{"line":69,"column":33}},"69":{"start":{"line":70,"column":0},"end":{"line":70,"column":39}},"70":{"start":{"line":71,"column":0},"end":{"line":71,"column":35}},"71":{"start":{"line":72,"column":0},"end":{"line":72,"column":29}},"72":{"start":{"line":73,"column":0},"end":{"line":73,"column":29}},"73":{"start":{"line":74,"column":0},"end":{"line":74,"column":27}},"74":{"start":{"line":75,"column":0},"end":{"line":75,"column":21}},"75":{"start":{"line":76,"column":0},"end":{"line":76,"column":8}},"76":{"start":{"line":77,"column":0},"end":{"line":77,"column":16}},"77":{"start":{"line":78,"column":0},"end":{"line":78,"column":87}},"79":{"start":{"line":80,"column":0},"end":{"line":80,"column":81}},"80":{"start":{"line":81,"column":0},"end":{"line":81,"column":10}},"82":{"start":{"line":83,"column":0},"end":{"line":83,"column":1}}},"s":{"0":1,"1":1,"2":1,"3":1,"16":24,"17":24,"18":24,"19":24,"20":24,"21":24,"22":24,"23":24,"25":24,"26":5,"27":5,"28":5,"29":5,"30":5,"31":5,"32":10,"33":10,"34":10,"35":10,"36":10,"37":0,"38":5,"39":5,"40":10,"41":10,"42":10,"43":10,"44":10,"45":0,"46":5,"47":5,"48":5,"49":5,"50":5,"51":0,"52":0,"53":5,"55":5,"56":24,"58":24,"59":13,"60":8,"61":8,"62":24,"63":24,"64":24,"65":24,"66":24,"67":24,"68":24,"69":24,"70":24,"71":24,"72":24,"73":24,"74":24,"75":24,"76":24,"77":7,"79":24,"80":24,"82":24},"branchMap":{"0":{"type":"branch","line":17,"loc":{"start":{"line":17,"column":0},"end":{"line":83,"column":1}},"locations":[{"start":{"line":17,"column":0},"end":{"line":83,"column":1}}]},"1":{"type":"branch","line":77,"loc":{"start":{"line":77,"column":7},"end":{"line":78,"column":87}},"locations":[{"start":{"line":77,"column":7},"end":{"line":78,"column":87}}]},"2":{"type":"branch","line":26,"loc":{"start":{"line":26,"column":12},"end":{"line":57,"column":5}},"locations":[{"start":{"line":26,"column":12},"end":{"line":57,"column":5}}]},"3":{"type":"branch","line":27,"loc":{"start":{"line":27,"column":26},"end":{"line":54,"column":6}},"locations":[{"start":{"line":27,"column":26},"end":{"line":54,"column":6}}]},"4":{"type":"branch","line":51,"loc":{"start":{"line":51,"column":6},"end":{"line":53,"column":7}},"locations":[{"start":{"line":51,"column":6},"end":{"line":53,"column":7}}]},"5":{"type":"branch","line":32,"loc":{"start":{"line":32,"column":59},"end":{"line":39,"column":11}},"locations":[{"start":{"line":32,"column":59},"end":{"line":39,"column":11}}]},"6":{"type":"branch","line":37,"loc":{"start":{"line":37,"column":12},"end":{"line":38,"column":24}},"locations":[{"start":{"line":37,"column":12},"end":{"line":38,"column":24}}]},"7":{"type":"branch","line":40,"loc":{"start":{"line":40,"column":72},"end":{"line":47,"column":11}},"locations":[{"start":{"line":40,"column":72},"end":{"line":47,"column":11}}]},"8":{"type":"branch","line":45,"loc":{"start":{"line":45,"column":12},"end":{"line":46,"column":26}},"locations":[{"start":{"line":45,"column":12},"end":{"line":46,"column":26}}]},"9":{"type":"branch","line":59,"loc":{"start":{"line":59,"column":13},"end":{"line":63,"column":6}},"locations":[{"start":{"line":59,"column":13},"end":{"line":63,"column":6}}]},"10":{"type":"branch","line":60,"loc":{"start":{"line":60,"column":29},"end":{"line":62,"column":5}},"locations":[{"start":{"line":60,"column":29},"end":{"line":62,"column":5}}]}},"b":{"0":[24],"1":[7],"2":[5],"3":[5],"4":[0],"5":[10],"6":[0],"7":[10],"8":[0],"9":[13],"10":[8]},"fnMap":{"0":{"name":"MusicPlayer","decl":{"start":{"line":17,"column":0},"end":{"line":83,"column":1}},"loc":{"start":{"line":17,"column":0},"end":{"line":83,"column":1}},"line":17},"1":{"name":"fetchPlaylist","decl":{"start":{"line":27,"column":26},"end":{"line":54,"column":6}},"loc":{"start":{"line":27,"column":26},"end":{"line":54,"column":6}},"line":27}},"f":{"0":24,"1":5}}
,"/com.docker.devenvironments.code/src/components/PlayControls.tsx": {"path":"/com.docker.devenvironments.code/src/components/PlayControls.tsx","all":false,"statementMap":{"0":{"start":{"line":1,"column":0},"end":{"line":1,"column":82}},"1":{"start":{"line":2,"column":0},"end":{"line":2,"column":44}},"13":{"start":{"line":14,"column":0},"end":{"line":14,"column":138}},"14":{"start":{"line":15,"column":0},"end":{"line":15,"column":58}},"15":{"start":{"line":16,"column":0},"end":{"line":16,"column":58}},"17":{"start":{"line":18,"column":0},"end":{"line":18,"column":21}},"18":{"start":{"line":19,"column":0},"end":{"line":19,"column":45}},"19":{"start":{"line":20,"column":0},"end":{"line":20,"column":28}},"20":{"start":{"line":21,"column":0},"end":{"line":21,"column":32}},"22":{"start":{"line":23,"column":0},"end":{"line":23,"column":33}},"23":{"start":{"line":24,"column":0},"end":{"line":24,"column":28}},"24":{"start":{"line":25,"column":0},"end":{"line":25,"column":32}},"25":{"start":{"line":26,"column":0},"end":{"line":26,"column":21}},"27":{"start":{"line":28,"column":0},"end":{"line":28,"column":30}},"28":{"start":{"line":29,"column":0},"end":{"line":29,"column":41}},"29":{"start":{"line":30,"column":0},"end":{"line":30,"column":38}},"30":{"start":{"line":31,"column":0},"end":{"line":31,"column":37}},"31":{"start":{"line":32,"column":0},"end":{"line":32,"column":9}},"32":{"start":{"line":33,"column":0},"end":{"line":33,"column":5}},"34":{"start":{"line":35,"column":0},"end":{"line":35,"column":30}},"35":{"start":{"line":36,"column":0},"end":{"line":36,"column":41}},"36":{"start":{"line":37,"column":0},"end":{"line":37,"column":29}},"37":{"start":{"line":38,"column":0},"end":{"line":38,"column":37}},"38":{"start":{"line":39,"column":0},"end":{"line":39,"column":9}},"39":{"start":{"line":40,"column":0},"end":{"line":40,"column":5}},"41":{"start":{"line":42,"column":0},"end":{"line":42,"column":30}},"42":{"start":{"line":43,"column":0},"end":{"line":43,"column":68}},"43":{"start":{"line":44,"column":0},"end":{"line":44,"column":36}},"44":{"start":{"line":45,"column":0},"end":{"line":45,"column":6}},"46":{"start":{"line":47,"column":0},"end":{"line":47,"column":31}},"47":{"start":{"line":48,"column":0},"end":{"line":48,"column":38}},"48":{"start":{"line":49,"column":0},"end":{"line":49,"column":40}},"49":{"start":{"line":50,"column":0},"end":{"line":50,"column":31}},"50":{"start":{"line":51,"column":0},"end":{"line":51,"column":61}},"51":{"start":{"line":52,"column":0},"end":{"line":52,"column":13}},"52":{"start":{"line":53,"column":0},"end":{"line":53,"column":10}},"53":{"start":{"line":54,"column":0},"end":{"line":54,"column":5}},"55":{"start":{"line":56,"column":0},"end":{"line":56,"column":12}},"56":{"start":{"line":57,"column":0},"end":{"line":57,"column":57}},"57":{"start":{"line":58,"column":0},"end":{"line":58,"column":58}},"58":{"start":{"line":59,"column":0},"end":{"line":59,"column":33}},"60":{"start":{"line":61,"column":0},"end":{"line":61,"column":24}},"61":{"start":{"line":62,"column":0},"end":{"line":62,"column":21}},"62":{"start":{"line":63,"column":0},"end":{"line":63,"column":134}},"63":{"start":{"line":64,"column":0},"end":{"line":64,"column":29}},"64":{"start":{"line":65,"column":0},"end":{"line":65,"column":21}},"65":{"start":{"line":66,"column":0},"end":{"line":66,"column":135}},"66":{"start":{"line":67,"column":0},"end":{"line":67,"column":57}},"67":{"start":{"line":68,"column":0},"end":{"line":68,"column":99}},"68":{"start":{"line":69,"column":0},"end":{"line":69,"column":21}},"69":{"start":{"line":70,"column":0},"end":{"line":70,"column":130}},"70":{"start":{"line":71,"column":0},"end":{"line":71,"column":28}},"71":{"start":{"line":72,"column":0},"end":{"line":72,"column":21}},"72":{"start":{"line":73,"column":0},"end":{"line":73,"column":68}},"73":{"start":{"line":74,"column":0},"end":{"line":74,"column":27}},"74":{"start":{"line":75,"column":0},"end":{"line":75,"column":21}},"75":{"start":{"line":76,"column":0},"end":{"line":76,"column":14}},"77":{"start":{"line":78,"column":0},"end":{"line":78,"column":1}}},"s":{"0":1,"1":1,"13":1,"14":29,"15":29,"17":29,"18":8,"19":2,"20":8,"22":8,"23":6,"24":8,"25":29,"27":29,"28":4,"29":4,"30":2,"31":2,"32":4,"34":29,"35":1,"36":1,"37":1,"38":1,"39":1,"41":29,"42":0,"43":0,"44":0,"46":29,"47":3,"48":3,"49":9,"50":3,"51":3,"52":3,"53":3,"55":29,"56":29,"57":29,"58":29,"60":29,"61":29,"62":29,"63":29,"64":29,"65":29,"66":29,"67":29,"68":29,"69":29,"70":29,"71":29,"72":29,"73":29,"74":29,"75":29,"77":29},"branchMap":{"0":{"type":"branch","line":14,"loc":{"start":{"line":14,"column":7},"end":{"line":78,"column":1}},"locations":[{"start":{"line":14,"column":7},"end":{"line":78,"column":1}}]},"1":{"type":"branch","line":63,"loc":{"start":{"line":63,"column":71},"end":{"line":63,"column":96}},"locations":[{"start":{"line":63,"column":71},"end":{"line":63,"column":96}}]},"2":{"type":"branch","line":63,"loc":{"start":{"line":63,"column":81},"end":{"line":63,"column":109}},"locations":[{"start":{"line":63,"column":81},"end":{"line":63,"column":109}}]},"3":{"type":"branch","line":68,"loc":{"start":{"line":68,"column":17},"end":{"line":68,"column":66}},"locations":[{"start":{"line":68,"column":17},"end":{"line":68,"column":66}}]},"4":{"type":"branch","line":68,"loc":{"start":{"line":68,"column":61},"end":{"line":68,"column":99}},"locations":[{"start":{"line":68,"column":61},"end":{"line":68,"column":99}}]},"5":{"type":"branch","line":70,"loc":{"start":{"line":70,"column":67},"end":{"line":70,"column":92}},"locations":[{"start":{"line":70,"column":67},"end":{"line":70,"column":92}}]},"6":{"type":"branch","line":70,"loc":{"start":{"line":70,"column":77},"end":{"line":70,"column":105}},"locations":[{"start":{"line":70,"column":77},"end":{"line":70,"column":105}}]},"7":{"type":"branch","line":18,"loc":{"start":{"line":18,"column":14},"end":{"line":26,"column":7}},"locations":[{"start":{"line":18,"column":14},"end":{"line":26,"column":7}}]},"8":{"type":"branch","line":19,"loc":{"start":{"line":19,"column":44},"end":{"line":21,"column":15}},"locations":[{"start":{"line":19,"column":44},"end":{"line":21,"column":15}}]},"9":{"type":"branch","line":21,"loc":{"start":{"line":21,"column":8},"end":{"line":21,"column":32}},"locations":[{"start":{"line":21,"column":8},"end":{"line":21,"column":32}}]},"10":{"type":"branch","line":23,"loc":{"start":{"line":23,"column":32},"end":{"line":25,"column":15}},"locations":[{"start":{"line":23,"column":32},"end":{"line":25,"column":15}}]},"11":{"type":"branch","line":25,"loc":{"start":{"line":25,"column":8},"end":{"line":25,"column":32}},"locations":[{"start":{"line":25,"column":8},"end":{"line":25,"column":32}}]},"12":{"type":"branch","line":28,"loc":{"start":{"line":28,"column":23},"end":{"line":33,"column":5}},"locations":[{"start":{"line":28,"column":23},"end":{"line":33,"column":5}}]},"13":{"type":"branch","line":30,"loc":{"start":{"line":30,"column":37},"end":{"line":32,"column":9}},"locations":[{"start":{"line":30,"column":37},"end":{"line":32,"column":9}}]},"14":{"type":"branch","line":35,"loc":{"start":{"line":35,"column":23},"end":{"line":40,"column":5}},"locations":[{"start":{"line":35,"column":23},"end":{"line":40,"column":5}}]},"15":{"type":"branch","line":47,"loc":{"start":{"line":47,"column":24},"end":{"line":54,"column":5}},"locations":[{"start":{"line":47,"column":24},"end":{"line":54,"column":5}}]},"16":{"type":"branch","line":49,"loc":{"start":{"line":49,"column":23},"end":{"line":53,"column":9}},"locations":[{"start":{"line":49,"column":23},"end":{"line":53,"column":9}}]},"17":{"type":"branch","line":50,"loc":{"start":{"line":50,"column":30},"end":{"line":52,"column":13}},"locations":[{"start":{"line":50,"column":30},"end":{"line":52,"column":13}}]},"18":{"type":"branch","line":67,"loc":{"start":{"line":67,"column":25},"end":{"line":67,"column":57}},"locations":[{"start":{"line":67,"column":25},"end":{"line":67,"column":57}}]}},"b":{"0":[29],"1":[21],"2":[8],"3":[1],"4":[28],"5":[3],"6":[26],"7":[8],"8":[2],"9":[6],"10":[6],"11":[2],"12":[4],"13":[2],"14":[1],"15":[3],"16":[9],"17":[3],"18":[2]},"fnMap":{"0":{"name":"PlayControls","decl":{"start":{"line":14,"column":7},"end":{"line":78,"column":1}},"loc":{"start":{"line":14,"column":7},"end":{"line":78,"column":1}},"line":14},"1":{"name":"handleNext","decl":{"start":{"line":28,"column":23},"end":{"line":33,"column":5}},"loc":{"start":{"line":28,"column":23},"end":{"line":33,"column":5}},"line":28},"2":{"name":"handlePrev","decl":{"start":{"line":35,"column":23},"end":{"line":40,"column":5}},"loc":{"start":{"line":35,"column":23},"end":{"line":40,"column":5}},"line":35},"3":{"name":"handleRand","decl":{"start":{"line":42,"column":23},"end":{"line":45,"column":6}},"loc":{"start":{"line":42,"column":23},"end":{"line":45,"column":6}},"line":42},"4":{"name":"handleSpeed","decl":{"start":{"line":47,"column":24},"end":{"line":54,"column":5}},"loc":{"start":{"line":47,"column":24},"end":{"line":54,"column":5}},"line":47},"5":{"name":"onClick","decl":{"start":{"line":67,"column":25},"end":{"line":67,"column":57}},"loc":{"start":{"line":67,"column":25},"end":{"line":67,"column":57}},"line":67}},"f":{"0":29,"1":4,"2":1,"3":0,"4":3,"5":2}}
,"/com.docker.devenvironments.code/src/components/PlayListItem.tsx": {"path":"/com.docker.devenvironments.code/src/components/PlayListItem.tsx","all":false,"statementMap":{"7":{"start":{"line":8,"column":0},"end":{"line":8,"column":92}},"8":{"start":{"line":9,"column":0},"end":{"line":9,"column":54}},"9":{"start":{"line":10,"column":0},"end":{"line":10,"column":65}},"11":{"start":{"line":12,"column":0},"end":{"line":12,"column":12}},"12":{"start":{"line":13,"column":0},"end":{"line":13,"column":193}},"13":{"start":{"line":14,"column":0},"end":{"line":14,"column":43}},"14":{"start":{"line":15,"column":0},"end":{"line":15,"column":55}},"15":{"start":{"line":16,"column":0},"end":{"line":16,"column":64}},"16":{"start":{"line":17,"column":0},"end":{"line":17,"column":18}},"17":{"start":{"line":18,"column":0},"end":{"line":18,"column":67}},"18":{"start":{"line":19,"column":0},"end":{"line":19,"column":14}},"20":{"start":{"line":21,"column":0},"end":{"line":21,"column":1}}},"s":{"7":1,"8":31,"9":31,"11":31,"12":31,"13":31,"14":31,"15":31,"16":31,"17":31,"18":31,"20":31},"branchMap":{"0":{"type":"branch","line":8,"loc":{"start":{"line":8,"column":7},"end":{"line":21,"column":1}},"locations":[{"start":{"line":8,"column":7},"end":{"line":21,"column":1}}]},"1":{"type":"branch","line":9,"loc":{"start":{"line":9,"column":46},"end":{"line":9,"column":54}},"locations":[{"start":{"line":9,"column":46},"end":{"line":9,"column":54}}]},"2":{"type":"branch","line":13,"loc":{"start":{"line":13,"column":84},"end":{"line":13,"column":173}},"locations":[{"start":{"line":13,"column":84},"end":{"line":13,"column":173}}]},"3":{"type":"branch","line":13,"loc":{"start":{"line":13,"column":96},"end":{"line":13,"column":189}},"locations":[{"start":{"line":13,"column":96},"end":{"line":13,"column":189}}]}},"b":{"0":[31],"1":[0],"2":[15],"3":[16]},"fnMap":{"0":{"name":"PlayListItem","decl":{"start":{"line":8,"column":7},"end":{"line":21,"column":1}},"loc":{"start":{"line":8,"column":7},"end":{"line":21,"column":1}},"line":8}},"f":{"0":31}}
,"/com.docker.devenvironments.code/src/components/Playlist.tsx": {"path":"/com.docker.devenvironments.code/src/components/Playlist.tsx","all":false,"statementMap":{"0":{"start":{"line":1,"column":0},"end":{"line":1,"column":50}},"1":{"start":{"line":2,"column":0},"end":{"line":2,"column":46}},"2":{"start":{"line":3,"column":0},"end":{"line":3,"column":50}},"11":{"start":{"line":12,"column":0},"end":{"line":12,"column":85}},"13":{"start":{"line":14,"column":0},"end":{"line":14,"column":10}},"14":{"start":{"line":15,"column":0},"end":{"line":15,"column":54}},"15":{"start":{"line":16,"column":0},"end":{"line":16,"column":59}},"16":{"start":{"line":17,"column":0},"end":{"line":17,"column":18}},"17":{"start":{"line":18,"column":0},"end":{"line":18,"column":54}},"18":{"start":{"line":19,"column":0},"end":{"line":19,"column":67}},"19":{"start":{"line":20,"column":0},"end":{"line":20,"column":34}},"20":{"start":{"line":21,"column":0},"end":{"line":21,"column":86}},"21":{"start":{"line":22,"column":0},"end":{"line":22,"column":36}},"22":{"start":{"line":23,"column":0},"end":{"line":23,"column":87}},"23":{"start":{"line":24,"column":0},"end":{"line":24,"column":20}},"24":{"start":{"line":25,"column":0},"end":{"line":25,"column":18}},"25":{"start":{"line":26,"column":0},"end":{"line":26,"column":34}},"26":{"start":{"line":27,"column":0},"end":{"line":27,"column":86}},"27":{"start":{"line":28,"column":0},"end":{"line":28,"column":18}},"28":{"start":{"line":29,"column":0},"end":{"line":29,"column":16}},"29":{"start":{"line":30,"column":0},"end":{"line":30,"column":10}},"31":{"start":{"line":32,"column":0},"end":{"line":32,"column":39}},"32":{"start":{"line":33,"column":0},"end":{"line":33,"column":23}},"33":{"start":{"line":34,"column":0},"end":{"line":34,"column":36}},"34":{"start":{"line":35,"column":0},"end":{"line":35,"column":33}},"35":{"start":{"line":36,"column":0},"end":{"line":36,"column":36}},"36":{"start":{"line":37,"column":0},"end":{"line":37,"column":32}},"37":{"start":{"line":38,"column":0},"end":{"line":38,"column":44}},"38":{"start":{"line":39,"column":0},"end":{"line":39,"column":12}},"39":{"start":{"line":40,"column":0},"end":{"line":40,"column":10}},"41":{"start":{"line":42,"column":0},"end":{"line":42,"column":10}},"43":{"start":{"line":44,"column":0},"end":{"line":44,"column":1}}},"s":{"0":1,"1":1,"2":1,"11":1,"13":23,"14":23,"15":23,"16":23,"17":10,"18":100,"19":100,"20":100,"21":100,"22":100,"23":100,"24":100,"25":100,"26":100,"27":100,"28":100,"29":10,"31":13,"32":26,"33":26,"34":26,"35":26,"36":26,"37":26,"38":26,"39":13,"41":23,"43":23},"branchMap":{"0":{"type":"branch","line":12,"loc":{"start":{"line":12,"column":7},"end":{"line":44,"column":1}},"locations":[{"start":{"line":12,"column":7},"end":{"line":44,"column":1}}]},"1":{"type":"branch","line":17,"loc":{"start":{"line":17,"column":7},"end":{"line":30,"column":10}},"locations":[{"start":{"line":17,"column":7},"end":{"line":30,"column":10}}]},"2":{"type":"branch","line":30,"loc":{"start":{"line":30,"column":9},"end":{"line":40,"column":10}},"locations":[{"start":{"line":30,"column":9},"end":{"line":40,"column":10}}]},"3":{"type":"branch","line":18,"loc":{"start":{"line":18,"column":39},"end":{"line":29,"column":16}},"locations":[{"start":{"line":18,"column":39},"end":{"line":29,"column":16}}]},"4":{"type":"branch","line":32,"loc":{"start":{"line":32,"column":21},"end":{"line":39,"column":12}},"locations":[{"start":{"line":32,"column":21},"end":{"line":39,"column":12}}]}},"b":{"0":[23],"1":[10],"2":[13],"3":[100],"4":[26]},"fnMap":{"0":{"name":"PlayList","decl":{"start":{"line":12,"column":7},"end":{"line":44,"column":1}},"loc":{"start":{"line":12,"column":7},"end":{"line":44,"column":1}},"line":12}},"f":{"0":23}}
,"/com.docker.devenvironments.code/src/components/SongTitle.tsx": {"path":"/com.docker.devenvironments.code/src/components/SongTitle.tsx","all":false,"statementMap":{"0":{"start":{"line":1,"column":0},"end":{"line":1,"column":46}},"1":{"start":{"line":2,"column":0},"end":{"line":2,"column":50}},"10":{"start":{"line":11,"column":0},"end":{"line":11,"column":77}},"11":{"start":{"line":12,"column":0},"end":{"line":12,"column":12}},"12":{"start":{"line":13,"column":0},"end":{"line":13,"column":44}},"13":{"start":{"line":14,"column":0},"end":{"line":14,"column":24}},"14":{"start":{"line":15,"column":0},"end":{"line":15,"column":18}},"15":{"start":{"line":16,"column":0},"end":{"line":16,"column":60}},"16":{"start":{"line":17,"column":0},"end":{"line":17,"column":54}},"17":{"start":{"line":18,"column":0},"end":{"line":18,"column":19}},"19":{"start":{"line":20,"column":0},"end":{"line":20,"column":18}},"20":{"start":{"line":21,"column":0},"end":{"line":21,"column":87}},"21":{"start":{"line":22,"column":0},"end":{"line":22,"column":93}},"22":{"start":{"line":23,"column":0},"end":{"line":23,"column":19}},"24":{"start":{"line":25,"column":0},"end":{"line":25,"column":14}},"26":{"start":{"line":27,"column":0},"end":{"line":27,"column":1}}},"s":{"0":1,"1":1,"10":1,"11":27,"12":27,"13":27,"14":13,"15":13,"16":13,"17":13,"19":14,"20":14,"21":14,"22":14,"24":27,"26":27},"branchMap":{"0":{"type":"branch","line":11,"loc":{"start":{"line":11,"column":7},"end":{"line":27,"column":1}},"locations":[{"start":{"line":11,"column":7},"end":{"line":27,"column":1}}]},"1":{"type":"branch","line":14,"loc":{"start":{"line":14,"column":13},"end":{"line":18,"column":19}},"locations":[{"start":{"line":14,"column":13},"end":{"line":18,"column":19}}]},"2":{"type":"branch","line":18,"loc":{"start":{"line":18,"column":16},"end":{"line":23,"column":19}},"locations":[{"start":{"line":18,"column":16},"end":{"line":23,"column":19}}]}},"b":{"0":[27],"1":[13],"2":[14]},"fnMap":{"0":{"name":"SongTitle","decl":{"start":{"line":11,"column":7},"end":{"line":27,"column":1}},"loc":{"start":{"line":11,"column":7},"end":{"line":27,"column":1}},"line":11}},"f":{"0":27}}
,"/com.docker.devenvironments.code/src/components/VolumeControls.tsx": {"path":"/com.docker.devenvironments.code/src/components/VolumeControls.tsx","all":false,"statementMap":{"0":{"start":{"line":1,"column":0},"end":{"line":1,"column":44}},"1":{"start":{"line":2,"column":0},"end":{"line":2,"column":42}},"2":{"start":{"line":3,"column":0},"end":{"line":3,"column":36}},"7":{"start":{"line":8,"column":0},"end":{"line":8,"column":61}},"8":{"start":{"line":9,"column":0},"end":{"line":9,"column":12}},"9":{"start":{"line":10,"column":0},"end":{"line":10,"column":35}},"10":{"start":{"line":11,"column":0},"end":{"line":11,"column":76}},"11":{"start":{"line":12,"column":0},"end":{"line":12,"column":29}},"12":{"start":{"line":13,"column":0},"end":{"line":13,"column":18}},"13":{"start":{"line":14,"column":0},"end":{"line":14,"column":19}},"14":{"start":{"line":15,"column":0},"end":{"line":15,"column":23}},"15":{"start":{"line":16,"column":0},"end":{"line":16,"column":25}},"16":{"start":{"line":17,"column":0},"end":{"line":17,"column":33}},"17":{"start":{"line":18,"column":0},"end":{"line":18,"column":62}},"18":{"start":{"line":19,"column":0},"end":{"line":19,"column":29}},"19":{"start":{"line":20,"column":0},"end":{"line":20,"column":34}},"20":{"start":{"line":21,"column":0},"end":{"line":21,"column":46}},"21":{"start":{"line":22,"column":0},"end":{"line":22,"column":18}},"22":{"start":{"line":23,"column":0},"end":{"line":23,"column":30}},"23":{"start":{"line":24,"column":0},"end":{"line":24,"column":35}},"24":{"start":{"line":25,"column":0},"end":{"line":25,"column":43}},"25":{"start":{"line":26,"column":0},"end":{"line":26,"column":47}},"26":{"start":{"line":27,"column":0},"end":{"line":27,"column":38}},"27":{"start":{"line":28,"column":0},"end":{"line":28,"column":31}},"28":{"start":{"line":29,"column":0},"end":{"line":29,"column":18}},"29":{"start":{"line":30,"column":0},"end":{"line":30,"column":28}},"30":{"start":{"line":31,"column":0},"end":{"line":31,"column":34}},"31":{"start":{"line":32,"column":0},"end":{"line":32,"column":18}},"32":{"start":{"line":33,"column":0},"end":{"line":33,"column":14}},"33":{"start":{"line":34,"column":0},"end":{"line":34,"column":14}},"35":{"start":{"line":36,"column":0},"end":{"line":36,"column":1}}},"s":{"0":1,"1":1,"2":1,"7":1,"8":24,"9":24,"10":24,"11":24,"12":24,"13":24,"14":24,"15":24,"16":24,"17":24,"18":24,"19":24,"20":24,"21":24,"22":24,"23":24,"24":24,"25":24,"26":24,"27":24,"28":24,"29":24,"30":24,"31":24,"32":24,"33":24,"35":24},"branchMap":{"0":{"type":"branch","line":8,"loc":{"start":{"line":8,"column":7},"end":{"line":36,"column":1}},"locations":[{"start":{"line":8,"column":7},"end":{"line":36,"column":1}}]}},"b":{"0":[24]},"fnMap":{"0":{"name":"VolumeControls","decl":{"start":{"line":8,"column":7},"end":{"line":36,"column":1}},"loc":{"start":{"line":8,"column":7},"end":{"line":36,"column":1}},"line":8},"1":{"name":"onChange","decl":{"start":{"line":18,"column":26},"end":{"line":18,"column":62}},"loc":{"start":{"line":18,"column":26},"end":{"line":18,"column":62}},"line":18}},"f":{"0":24,"1":0}}
,"/com.docker.devenvironments.code/src/mock/handlers.ts": {"path":"/com.docker.devenvironments.code/src/mock/handlers.ts","all":false,"statementMap":{"0":{"start":{"line":1,"column":0},"end":{"line":1,"column":41}},"2":{"start":{"line":3,"column":0},"end":{"line":3,"column":25}},"4":{"start":{"line":5,"column":0},"end":{"line":5,"column":59}},"5":{"start":{"line":6,"column":0},"end":{"line":6,"column":30}},"6":{"start":{"line":7,"column":0},"end":{"line":7,"column":9}},"7":{"start":{"line":8,"column":0},"end":{"line":8,"column":44}},"8":{"start":{"line":9,"column":0},"end":{"line":9,"column":35}},"9":{"start":{"line":10,"column":0},"end":{"line":10,"column":34}},"10":{"start":{"line":11,"column":0},"end":{"line":11,"column":29}},"11":{"start":{"line":12,"column":0},"end":{"line":12,"column":23}},"12":{"start":{"line":13,"column":0},"end":{"line":13,"column":10}},"13":{"start":{"line":14,"column":0},"end":{"line":14,"column":9}},"14":{"start":{"line":15,"column":0},"end":{"line":15,"column":29}},"15":{"start":{"line":16,"column":0},"end":{"line":16,"column":36}},"16":{"start":{"line":17,"column":0},"end":{"line":17,"column":32}},"17":{"start":{"line":18,"column":0},"end":{"line":18,"column":27}},"18":{"start":{"line":19,"column":0},"end":{"line":19,"column":23}},"19":{"start":{"line":20,"column":0},"end":{"line":20,"column":9}},"20":{"start":{"line":21,"column":0},"end":{"line":21,"column":8}},"21":{"start":{"line":22,"column":0},"end":{"line":22,"column":5}},"24":{"start":{"line":25,"column":0},"end":{"line":25,"column":91}},"25":{"start":{"line":26,"column":0},"end":{"line":26,"column":30}},"26":{"start":{"line":27,"column":0},"end":{"line":27,"column":153}},"27":{"start":{"line":28,"column":0},"end":{"line":28,"column":38}},"28":{"start":{"line":29,"column":0},"end":{"line":29,"column":42}},"29":{"start":{"line":30,"column":0},"end":{"line":30,"column":33}},"30":{"start":{"line":31,"column":0},"end":{"line":31,"column":32}},"31":{"start":{"line":32,"column":0},"end":{"line":32,"column":27}},"32":{"start":{"line":33,"column":0},"end":{"line":33,"column":22}},"33":{"start":{"line":34,"column":0},"end":{"line":34,"column":42}},"34":{"start":{"line":35,"column":0},"end":{"line":35,"column":40}},"35":{"start":{"line":36,"column":0},"end":{"line":36,"column":8}},"36":{"start":{"line":37,"column":0},"end":{"line":37,"column":23}},"37":{"start":{"line":38,"column":0},"end":{"line":38,"column":27}},"38":{"start":{"line":39,"column":0},"end":{"line":39,"column":34}},"39":{"start":{"line":40,"column":0},"end":{"line":40,"column":30}},"40":{"start":{"line":41,"column":0},"end":{"line":41,"column":25}},"41":{"start":{"line":42,"column":0},"end":{"line":42,"column":22}},"42":{"start":{"line":43,"column":0},"end":{"line":43,"column":42}},"43":{"start":{"line":44,"column":0},"end":{"line":44,"column":40}},"44":{"start":{"line":45,"column":0},"end":{"line":45,"column":7}},"45":{"start":{"line":46,"column":0},"end":{"line":46,"column":6}},"46":{"start":{"line":47,"column":0},"end":{"line":47,"column":46}},"47":{"start":{"line":48,"column":0},"end":{"line":48,"column":5}},"50":{"start":{"line":51,"column":0},"end":{"line":51,"column":64}},"51":{"start":{"line":52,"column":0},"end":{"line":52,"column":48}},"52":{"start":{"line":53,"column":0},"end":{"line":53,"column":59}},"53":{"start":{"line":54,"column":0},"end":{"line":54,"column":38}},"54":{"start":{"line":55,"column":0},"end":{"line":55,"column":74}},"55":{"start":{"line":56,"column":0},"end":{"line":56,"column":8}},"56":{"start":{"line":57,"column":0},"end":{"line":57,"column":23}},"57":{"start":{"line":58,"column":0},"end":{"line":58,"column":85}},"58":{"start":{"line":59,"column":0},"end":{"line":59,"column":7}},"59":{"start":{"line":60,"column":0},"end":{"line":60,"column":6}},"60":{"start":{"line":61,"column":0},"end":{"line":61,"column":41}},"61":{"start":{"line":62,"column":0},"end":{"line":62,"column":5}},"62":{"start":{"line":63,"column":0},"end":{"line":63,"column":2}}},"s":{"0":1,"2":1,"4":1,"5":15,"6":15,"7":15,"8":15,"9":15,"10":15,"11":15,"12":15,"13":15,"14":15,"15":15,"16":15,"17":15,"18":15,"19":15,"20":15,"21":1,"24":1,"25":30,"26":30,"27":30,"28":30,"29":30,"30":30,"31":30,"32":30,"33":30,"34":30,"35":30,"36":30,"37":30,"38":30,"39":30,"40":30,"41":30,"42":30,"43":30,"44":30,"45":30,"46":30,"47":1,"50":1,"51":30,"52":30,"53":30,"54":30,"55":30,"56":30,"57":30,"58":30,"59":30,"60":30,"61":1,"62":1},"branchMap":{"0":{"type":"branch","line":5,"loc":{"start":{"line":5,"column":52},"end":{"line":22,"column":3}},"locations":[{"start":{"line":5,"column":52},"end":{"line":22,"column":3}}]},"1":{"type":"branch","line":25,"loc":{"start":{"line":25,"column":53},"end":{"line":48,"column":3}},"locations":[{"start":{"line":25,"column":53},"end":{"line":48,"column":3}}]},"2":{"type":"branch","line":51,"loc":{"start":{"line":51,"column":54},"end":{"line":62,"column":3}},"locations":[{"start":{"line":51,"column":54},"end":{"line":62,"column":3}}]}},"b":{"0":[15],"1":[30],"2":[30]},"fnMap":{},"f":{}}
,"/com.docker.devenvironments.code/src/mock/server.ts": {"path":"/com.docker.devenvironments.code/src/mock/server.ts","all":false,"statementMap":{"0":{"start":{"line":1,"column":0},"end":{"line":1,"column":39}},"1":{"start":{"line":2,"column":0},"end":{"line":2,"column":41}},"3":{"start":{"line":4,"column":0},"end":{"line":4,"column":47}}},"s":{"0":1,"1":1,"3":1},"branchMap":{},"b":{},"fnMap":{},"f":{}}
}
